  rlgl_compute_shaders.c
c1 : fatal  error C1083: Cannot open source file: '..\..\..\examples\others\rlgl_compute_shaders.c': No such file or directory
  rglfw.c
C:\Users\Rafa\Documents\Raylib Projects\RaylibTemplate\raylib\raylib\src\external\glfw\src\context.c(401,10): warning C4996: 'sscanf': This function or variable may be unsafe. Consider using sscanf_s instead. To disable deprecation, use _CRT_SECURE_NO_WARNINGS. See online help for details.
C:\Users\Rafa\Documents\Raylib Projects\RaylibTemplate\raylib\raylib\src\external\glfw\src\init.c(125,5): warning C4996: 'strcpy': This function or variable may be unsafe. Consider using strcpy_s instead. To disable deprecation, use _CRT_SECURE_NO_WARNINGS. See online help for details.
C:\Users\Rafa\Documents\Raylib Projects\RaylibTemplate\raylib\raylib\src\external\glfw\src\init.c(178,13): warning C4996: 'strcpy': This function or variable may be unsafe. Consider using strcpy_s instead. To disable deprecation, use _CRT_SECURE_NO_WARNINGS. See online help for details.
C:\Users\Rafa\Documents\Raylib Projects\RaylibTemplate\raylib\raylib\src\external\glfw\src\init.c(180,13): warning C4996: 'strcpy': This function or variable may be unsafe. Consider using strcpy_s instead. To disable deprecation, use _CRT_SECURE_NO_WARNINGS. See online help for details.
C:\Users\Rafa\Documents\Raylib Projects\RaylibTemplate\raylib\raylib\src\external\glfw\src\init.c(182,13): warning C4996: 'strcpy': This function or variable may be unsafe. Consider using strcpy_s instead. To disable deprecation, use _CRT_SECURE_NO_WARNINGS. See online help for details.
C:\Users\Rafa\Documents\Raylib Projects\RaylibTemplate\raylib\raylib\src\external\glfw\src\init.c(184,13): warning C4996: 'strcpy': This function or variable may be unsafe. Consider using strcpy_s instead. To disable deprecation, use _CRT_SECURE_NO_WARNINGS. See online help for details.
C:\Users\Rafa\Documents\Raylib Projects\RaylibTemplate\raylib\raylib\src\external\glfw\src\init.c(186,13): warning C4996: 'strcpy': This function or variable may be unsafe. Consider using strcpy_s instead. To disable deprecation, use _CRT_SECURE_NO_WARNINGS. See online help for details.
C:\Users\Rafa\Documents\Raylib Projects\RaylibTemplate\raylib\raylib\src\external\glfw\src\init.c(188,13): warning C4996: 'strcpy': This function or variable may be unsafe. Consider using strcpy_s instead. To disable deprecation, use _CRT_SECURE_NO_WARNINGS. See online help for details.
C:\Users\Rafa\Documents\Raylib Projects\RaylibTemplate\raylib\raylib\src\external\glfw\src\init.c(190,13): warning C4996: 'strcpy': This function or variable may be unsafe. Consider using strcpy_s instead. To disable deprecation, use _CRT_SECURE_NO_WARNINGS. See online help for details.
C:\Users\Rafa\Documents\Raylib Projects\RaylibTemplate\raylib\raylib\src\external\glfw\src\init.c(192,13): warning C4996: 'strcpy': This function or variable may be unsafe. Consider using strcpy_s instead. To disable deprecation, use _CRT_SECURE_NO_WARNINGS. See online help for details.
C:\Users\Rafa\Documents\Raylib Projects\RaylibTemplate\raylib\raylib\src\external\glfw\src\init.c(194,13): warning C4996: 'strcpy': This function or variable may be unsafe. Consider using strcpy_s instead. To disable deprecation, use _CRT_SECURE_NO_WARNINGS. See online help for details.
C:\Users\Rafa\Documents\Raylib Projects\RaylibTemplate\raylib\raylib\src\external\glfw\src\init.c(196,13): warning C4996: 'strcpy': This function or variable may be unsafe. Consider using strcpy_s instead. To disable deprecation, use _CRT_SECURE_NO_WARNINGS. See online help for details.
C:\Users\Rafa\Documents\Raylib Projects\RaylibTemplate\raylib\raylib\src\external\glfw\src\init.c(198,13): warning C4996: 'strcpy': This function or variable may be unsafe. Consider using strcpy_s instead. To disable deprecation, use _CRT_SECURE_NO_WARNINGS. See online help for details.
C:\Users\Rafa\Documents\Raylib Projects\RaylibTemplate\raylib\raylib\src\external\glfw\src\init.c(200,13): warning C4996: 'strcpy': This function or variable may be unsafe. Consider using strcpy_s instead. To disable deprecation, use _CRT_SECURE_NO_WARNINGS. See online help for details.
C:\Users\Rafa\Documents\Raylib Projects\RaylibTemplate\raylib\raylib\src\external\glfw\src\init.c(202,13): warning C4996: 'strcpy': This function or variable may be unsafe. Consider using strcpy_s instead. To disable deprecation, use _CRT_SECURE_NO_WARNINGS. See online help for details.
C:\Users\Rafa\Documents\Raylib Projects\RaylibTemplate\raylib\raylib\src\external\glfw\src\init.c(204,13): warning C4996: 'strcpy': This function or variable may be unsafe. Consider using strcpy_s instead. To disable deprecation, use _CRT_SECURE_NO_WARNINGS. See online help for details.
C:\Users\Rafa\Documents\Raylib Projects\RaylibTemplate\raylib\raylib\src\external\glfw\src\init.c(224,5): warning C4996: 'strcpy': This function or variable may be unsafe. Consider using strcpy_s instead. To disable deprecation, use _CRT_SECURE_NO_WARNINGS. See online help for details.
C:\Users\Rafa\Documents\Raylib Projects\RaylibTemplate\raylib\raylib\src\external\glfw\src\input.c(456,5): warning C4996: 'strncpy': This function or variable may be unsafe. Consider using strncpy_s instead. To disable deprecation, use _CRT_SECURE_NO_WARNINGS. See online help for details.
C:\Users\Rafa\Documents\Raylib Projects\RaylibTemplate\raylib\raylib\src\external\glfw\src\input.c(457,5): warning C4996: 'strncpy': This function or variable may be unsafe. Consider using strncpy_s instead. To disable deprecation, use _CRT_SECURE_NO_WARNINGS. See online help for details.
C:\Users\Rafa\Documents\Raylib Projects\RaylibTemplate\raylib\raylib\src\external\glfw\src\monitor.c(173,5): warning C4996: 'strncpy': This function or variable may be unsafe. Consider using strncpy_s instead. To disable deprecation, use _CRT_SECURE_NO_WARNINGS. See online help for details.
C:\Users\Rafa\Documents\Raylib Projects\RaylibTemplate\raylib\raylib\src\external\glfw\src\window.c(437,13): warning C4996: 'strncpy': This function or variable may be unsafe. Consider using strncpy_s instead. To disable deprecation, use _CRT_SECURE_NO_WARNINGS. See online help for details.
C:\Users\Rafa\Documents\Raylib Projects\RaylibTemplate\raylib\raylib\src\external\glfw\src\window.c(441,13): warning C4996: 'strncpy': This function or variable may be unsafe. Consider using strncpy_s instead. To disable deprecation, use _CRT_SECURE_NO_WARNINGS. See online help for details.
C:\Users\Rafa\Documents\Raylib Projects\RaylibTemplate\raylib\raylib\src\external\glfw\src\window.c(445,13): warning C4996: 'strncpy': This function or variable may be unsafe. Consider using strncpy_s instead. To disable deprecation, use _CRT_SECURE_NO_WARNINGS. See online help for details.
C:\Users\Rafa\Documents\Raylib Projects\RaylibTemplate\raylib\raylib\src\external\glfw\src\win32_joystick.c(455,9): warning C4996: 'sprintf': This function or variable may be unsafe. Consider using sprintf_s instead. To disable deprecation, use _CRT_SECURE_NO_WARNINGS. See online help for details.
C:\Users\Rafa\Documents\Raylib Projects\RaylibTemplate\raylib\raylib\src\external\glfw\src\win32_joystick.c(463,9): warning C4996: 'sprintf': This function or variable may be unsafe. Consider using sprintf_s instead. To disable deprecation, use _CRT_SECURE_NO_WARNINGS. See online help for details.
C:\Users\Rafa\Documents\Raylib Projects\RaylibTemplate\raylib\raylib\src\external\glfw\src\win32_joystick.c(526,13): warning C4996: 'sprintf': This function or variable may be unsafe. Consider using sprintf_s instead. To disable deprecation, use _CRT_SECURE_NO_WARNINGS. See online help for details.
C:\Users\Rafa\Documents\Raylib Projects\RaylibTemplate\raylib\raylib\src\external\glfw\src\win32_joystick.c(748,9): warning C4996: 'strncpy': This function or variable may be unsafe. Consider using strncpy_s instead. To disable deprecation, use _CRT_SECURE_NO_WARNINGS. See online help for details.
C:\Users\Rafa\Documents\Raylib Projects\RaylibTemplate\raylib\raylib\src\external\glfw\src\win32_joystick.c(749,9): warning C4996: 'sprintf': This function or variable may be unsafe. Consider using sprintf_s instead. To disable deprecation, use _CRT_SECURE_NO_WARNINGS. See online help for details.
C:\Users\Rafa\Documents\Raylib Projects\RaylibTemplate\raylib\raylib\src\external\glfw\src\win32_monitor.c(104,5): warning C4996: 'wcscpy': This function or variable may be unsafe. Consider using wcscpy_s instead. To disable deprecation, use _CRT_SECURE_NO_WARNINGS. See online help for details.
C:\Users\Rafa\Documents\Raylib Projects\RaylibTemplate\raylib\raylib\src\external\glfw\src\win32_monitor.c(113,9): warning C4996: 'wcscpy': This function or variable may be unsafe. Consider using wcscpy_s instead. To disable deprecation, use _CRT_SECURE_NO_WARNINGS. See online help for details.
  Generating Code...
