  rlgl_standalone.c
  rglfw.c
C:\Users\Rafa\Documents\Raylib Projects\RaylibTemplate\raylib\raylib\src\external\glfw\src\context.c(401,10): warning C4996: 'sscanf': This function or variable may be unsafe. Consider using sscanf_s instead. To disable deprecation, use _CRT_SECURE_NO_WARNINGS. See online help for details.
C:\Users\Rafa\Documents\Raylib Projects\RaylibTemplate\raylib\raylib\src\external\glfw\src\init.c(125,5): warning C4996: 'strcpy': This function or variable may be unsafe. Consider using strcpy_s instead. To disable deprecation, use _CRT_SECURE_NO_WARNINGS. See online help for details.
C:\Users\Rafa\Documents\Raylib Projects\RaylibTemplate\raylib\raylib\src\external\glfw\src\init.c(178,13): warning C4996: 'strcpy': This function or variable may be unsafe. Consider using strcpy_s instead. To disable deprecation, use _CRT_SECURE_NO_WARNINGS. See online help for details.
C:\Users\Rafa\Documents\Raylib Projects\RaylibTemplate\raylib\raylib\src\external\glfw\src\init.c(180,13): warning C4996: 'strcpy': This function or variable may be unsafe. Consider using strcpy_s instead. To disable deprecation, use _CRT_SECURE_NO_WARNINGS. See online help for details.
C:\Users\Rafa\Documents\Raylib Projects\RaylibTemplate\raylib\raylib\src\external\glfw\src\init.c(182,13): warning C4996: 'strcpy': This function or variable may be unsafe. Consider using strcpy_s instead. To disable deprecation, use _CRT_SECURE_NO_WARNINGS. See online help for details.
C:\Users\Rafa\Documents\Raylib Projects\RaylibTemplate\raylib\raylib\src\external\glfw\src\init.c(184,13): warning C4996: 'strcpy': This function or variable may be unsafe. Consider using strcpy_s instead. To disable deprecation, use _CRT_SECURE_NO_WARNINGS. See online help for details.
C:\Users\Rafa\Documents\Raylib Projects\RaylibTemplate\raylib\raylib\src\external\glfw\src\init.c(186,13): warning C4996: 'strcpy': This function or variable may be unsafe. Consider using strcpy_s instead. To disable deprecation, use _CRT_SECURE_NO_WARNINGS. See online help for details.
C:\Users\Rafa\Documents\Raylib Projects\RaylibTemplate\raylib\raylib\src\external\glfw\src\init.c(188,13): warning C4996: 'strcpy': This function or variable may be unsafe. Consider using strcpy_s instead. To disable deprecation, use _CRT_SECURE_NO_WARNINGS. See online help for details.
C:\Users\Rafa\Documents\Raylib Projects\RaylibTemplate\raylib\raylib\src\external\glfw\src\init.c(190,13): warning C4996: 'strcpy': This function or variable may be unsafe. Consider using strcpy_s instead. To disable deprecation, use _CRT_SECURE_NO_WARNINGS. See online help for details.
C:\Users\Rafa\Documents\Raylib Projects\RaylibTemplate\raylib\raylib\src\external\glfw\src\init.c(192,13): warning C4996: 'strcpy': This function or variable may be unsafe. Consider using strcpy_s instead. To disable deprecation, use _CRT_SECURE_NO_WARNINGS. See online help for details.
C:\Users\Rafa\Documents\Raylib Projects\RaylibTemplate\raylib\raylib\src\external\glfw\src\init.c(194,13): warning C4996: 'strcpy': This function or variable may be unsafe. Consider using strcpy_s instead. To disable deprecation, use _CRT_SECURE_NO_WARNINGS. See online help for details.
C:\Users\Rafa\Documents\Raylib Projects\RaylibTemplate\raylib\raylib\src\external\glfw\src\init.c(196,13): warning C4996: 'strcpy': This function or variable may be unsafe. Consider using strcpy_s instead. To disable deprecation, use _CRT_SECURE_NO_WARNINGS. See online help for details.
C:\Users\Rafa\Documents\Raylib Projects\RaylibTemplate\raylib\raylib\src\external\glfw\src\init.c(198,13): warning C4996: 'strcpy': This function or variable may be unsafe. Consider using strcpy_s instead. To disable deprecation, use _CRT_SECURE_NO_WARNINGS. See online help for details.
C:\Users\Rafa\Documents\Raylib Projects\RaylibTemplate\raylib\raylib\src\external\glfw\src\init.c(200,13): warning C4996: 'strcpy': This function or variable may be unsafe. Consider using strcpy_s instead. To disable deprecation, use _CRT_SECURE_NO_WARNINGS. See online help for details.
C:\Users\Rafa\Documents\Raylib Projects\RaylibTemplate\raylib\raylib\src\external\glfw\src\init.c(202,13): warning C4996: 'strcpy': This function or variable may be unsafe. Consider using strcpy_s instead. To disable deprecation, use _CRT_SECURE_NO_WARNINGS. See online help for details.
C:\Users\Rafa\Documents\Raylib Projects\RaylibTemplate\raylib\raylib\src\external\glfw\src\init.c(204,13): warning C4996: 'strcpy': This function or variable may be unsafe. Consider using strcpy_s instead. To disable deprecation, use _CRT_SECURE_NO_WARNINGS. See online help for details.
C:\Users\Rafa\Documents\Raylib Projects\RaylibTemplate\raylib\raylib\src\external\glfw\src\init.c(224,5): warning C4996: 'strcpy': This function or variable may be unsafe. Consider using strcpy_s instead. To disable deprecation, use _CRT_SECURE_NO_WARNINGS. See online help for details.
C:\Users\Rafa\Documents\Raylib Projects\RaylibTemplate\raylib\raylib\src\external\glfw\src\input.c(456,5): warning C4996: 'strncpy': This function or variable may be unsafe. Consider using strncpy_s instead. To disable deprecation, use _CRT_SECURE_NO_WARNINGS. See online help for details.
C:\Users\Rafa\Documents\Raylib Projects\RaylibTemplate\raylib\raylib\src\external\glfw\src\input.c(457,5): warning C4996: 'strncpy': This function or variable may be unsafe. Consider using strncpy_s instead. To disable deprecation, use _CRT_SECURE_NO_WARNINGS. See online help for details.
C:\Users\Rafa\Documents\Raylib Projects\RaylibTemplate\raylib\raylib\src\external\glfw\src\monitor.c(173,5): warning C4996: 'strncpy': This function or variable may be unsafe. Consider using strncpy_s instead. To disable deprecation, use _CRT_SECURE_NO_WARNINGS. See online help for details.
C:\Users\Rafa\Documents\Raylib Projects\RaylibTemplate\raylib\raylib\src\external\glfw\src\window.c(437,13): warning C4996: 'strncpy': This function or variable may be unsafe. Consider using strncpy_s instead. To disable deprecation, use _CRT_SECURE_NO_WARNINGS. See online help for details.
C:\Users\Rafa\Documents\Raylib Projects\RaylibTemplate\raylib\raylib\src\external\glfw\src\window.c(441,13): warning C4996: 'strncpy': This function or variable may be unsafe. Consider using strncpy_s instead. To disable deprecation, use _CRT_SECURE_NO_WARNINGS. See online help for details.
C:\Users\Rafa\Documents\Raylib Projects\RaylibTemplate\raylib\raylib\src\external\glfw\src\window.c(445,13): warning C4996: 'strncpy': This function or variable may be unsafe. Consider using strncpy_s instead. To disable deprecation, use _CRT_SECURE_NO_WARNINGS. See online help for details.
C:\Users\Rafa\Documents\Raylib Projects\RaylibTemplate\raylib\raylib\src\external\glfw\src\win32_joystick.c(455,9): warning C4996: 'sprintf': This function or variable may be unsafe. Consider using sprintf_s instead. To disable deprecation, use _CRT_SECURE_NO_WARNINGS. See online help for details.
C:\Users\Rafa\Documents\Raylib Projects\RaylibTemplate\raylib\raylib\src\external\glfw\src\win32_joystick.c(463,9): warning C4996: 'sprintf': This function or variable may be unsafe. Consider using sprintf_s instead. To disable deprecation, use _CRT_SECURE_NO_WARNINGS. See online help for details.
C:\Users\Rafa\Documents\Raylib Projects\RaylibTemplate\raylib\raylib\src\external\glfw\src\win32_joystick.c(526,13): warning C4996: 'sprintf': This function or variable may be unsafe. Consider using sprintf_s instead. To disable deprecation, use _CRT_SECURE_NO_WARNINGS. See online help for details.
C:\Users\Rafa\Documents\Raylib Projects\RaylibTemplate\raylib\raylib\src\external\glfw\src\win32_joystick.c(748,9): warning C4996: 'strncpy': This function or variable may be unsafe. Consider using strncpy_s instead. To disable deprecation, use _CRT_SECURE_NO_WARNINGS. See online help for details.
C:\Users\Rafa\Documents\Raylib Projects\RaylibTemplate\raylib\raylib\src\external\glfw\src\win32_joystick.c(749,9): warning C4996: 'sprintf': This function or variable may be unsafe. Consider using sprintf_s instead. To disable deprecation, use _CRT_SECURE_NO_WARNINGS. See online help for details.
C:\Users\Rafa\Documents\Raylib Projects\RaylibTemplate\raylib\raylib\src\external\glfw\src\win32_monitor.c(104,5): warning C4996: 'wcscpy': This function or variable may be unsafe. Consider using wcscpy_s instead. To disable deprecation, use _CRT_SECURE_NO_WARNINGS. See online help for details.
C:\Users\Rafa\Documents\Raylib Projects\RaylibTemplate\raylib\raylib\src\external\glfw\src\win32_monitor.c(113,9): warning C4996: 'wcscpy': This function or variable may be unsafe. Consider using wcscpy_s instead. To disable deprecation, use _CRT_SECURE_NO_WARNINGS. See online help for details.
  Generating Code...
  rlgl_standalone.vcxproj -> C:\Users\Rafa\Documents\Raylib Projects\RaylibTemplate\raylib\raylib\projects\VS2022\build\rlgl_standalone\bin\Win32\Debug.DLL\rlgl_standalone.exe
  Copy Debug DLL to output directory
  File not found - raylib.dll
  0 File(s) copied
C:\Program Files\Microsoft Visual Studio\2022\Community\MSBuild\Microsoft\VC\v170\Microsoft.CppCommon.targets(159,5): error MSB3073: The command "xcopy /y /d  "C:\Users\Rafa\Documents\Raylib Projects\RaylibTemplate\raylib\raylib\projects\VS2022\\build\raylib\bin\Win32\Debug.DLL\raylib.dll" "C:\Users\Rafa\Documents\Raylib Projects\RaylibTemplate\raylib\raylib\projects\VS2022\\build\rlgl_standalone\bin\Win32\Debug.DLL"
C:\Program Files\Microsoft Visual Studio\2022\Community\MSBuild\Microsoft\VC\v170\Microsoft.CppCommon.targets(159,5): error MSB3073: :VCEnd" exited with code 4.
